<?xml version="1.0" encoding="UTF-8"?>
<!-- Generated by org.testng.reporters.JUnitReportReporter -->
<testsuite hostname="Nilambars-MacBook-Air.local" failures="0" tests="2" name="com.ecommerce.tests.ProfileTests" time="0.147" errors="0" timestamp="2024-08-21T12:21:28 IST" skipped="0">
  <testcase classname="com.ecommerce.tests.ProfileTests" name="getProfileData" time="0.066"/>
  <testcase classname="com.ecommerce.tests.ProfileTests" name="updateProfileData" time="0.081"/>
</testsuite> <!-- com.ecommerce.tests.ProfileTests -->
