<?xml version="1.0" encoding="UTF-8"?>
<!-- Generated by org.testng.reporters.JUnitReportReporter -->
<testsuite hostname="Nilambars-MacBook-Air.local" failures="0" tests="1" name="com.ecommerce.tests.CategoryTests" time="10.086" errors="0" timestamp="2024-08-21T12:21:28 IST" skipped="0">
  <testcase classname="com.ecommerce.tests.CategoryTests" name="createCategory" time="10.086"/>
</testsuite> <!-- com.ecommerce.tests.CategoryTests -->
