<?xml version="1.0" encoding="UTF-8"?>
<!-- Generated by org.testng.reporters.JUnitReportReporter -->
<testsuite hostname="Nilambars-MacBook-Air.local" failures="0" tests="2" name="com.ecommerce.tests.RegistrationTest" time="1.931" errors="0" timestamp="2024-08-21T12:21:28 IST" skipped="0">
  <testcase classname="com.ecommerce.tests.RegistrationTest" name="tc_01_verifyregistrationTest" time="1.397"/>
  <testcase classname="com.ecommerce.tests.RegistrationTest" name="tc_02_VerifyUserLogin" time="0.534"/>
</testsuite> <!-- com.ecommerce.tests.RegistrationTest -->
