<?xml version="1.0" encoding="UTF-8"?>
<!-- Generated by org.testng.reporters.JUnitReportReporter -->
<testsuite hostname="Nilambars-MacBook-Air.local" failures="0" tests="3" name="com.ecommerce.tests.ProductTests" time="0.216" errors="0" timestamp="2024-08-21T12:21:28 IST" skipped="0">
  <testcase classname="com.ecommerce.tests.ProductTests" name="getAllProduct" time="0.045"/>
  <testcase classname="com.ecommerce.tests.ProductTests" name="deleteProduct" time="0.012"/>
  <testcase classname="com.ecommerce.tests.ProductTests" name="createProduct" time="0.159"/>
</testsuite> <!-- com.ecommerce.tests.ProductTests -->
